2025-07-23 12:04:16,610 - __main__ - INFO - Initializing Facial Attendance System...
2025-07-23 12:04:17,131 - src.face_recognizer - INFO - Face recognizer initialized with model path: None
2025-07-23 12:04:17,131 - src.face_recognizer - INFO - Cleared all known face encodings
2025-07-23 12:04:17,134 - src.face_recognizer - INFO - Loaded encoding for user 921740
2025-07-23 12:04:17,134 - src.face_recognizer - INFO - Loaded encoding for user 407818
2025-07-23 12:04:17,134 - src.face_recognizer - INFO - Loaded encoding for user 110595
2025-07-23 12:04:17,134 - src.face_recognizer - INFO - Reloaded 3 user face encodings
2025-07-23 12:04:18,031 - src.sound_manager - INFO - Pygame mixer initialized successfully
2025-07-23 12:04:18,032 - src.email_notification - INFO - Email configuration loaded
2025-07-23 12:04:18,033 - src.location_service - INFO - Location configuration loaded
2025-07-23 12:04:18,033 - src.location_service - INFO - Location service enabled
2025-07-23 12:04:18,033 - src.email_notification - INFO - Location service initialized for email notifications
2025-07-23 12:04:18,033 - src.email_notification - INFO - Email notifications enabled
2025-07-23 12:04:18,033 - __main__ - INFO - Loading registered user data...
2025-07-23 12:04:18,033 - src.face_recognizer - INFO - Cleared all known face encodings
2025-07-23 12:04:18,033 - src.face_recognizer - INFO - Loaded encoding for user 921740
2025-07-23 12:04:18,033 - src.face_recognizer - INFO - Loaded encoding for user 407818
2025-07-23 12:04:18,034 - src.face_recognizer - INFO - Loaded encoding for user 110595
2025-07-23 12:04:18,034 - src.face_recognizer - INFO - Reloaded 3 user face encodings
2025-07-23 12:04:18,034 - __main__ - INFO - Successfully loaded 3 registered users
2025-07-23 12:04:18,034 - __main__ - INFO -   - jh (ID: 921740) - Encoding ready
2025-07-23 12:04:18,034 - __main__ - INFO -   - praveen (ID: 407818) - Encoding ready
2025-07-23 12:04:18,034 - __main__ - INFO -   - hjg (ID: 110595) - Encoding ready
2025-07-23 12:04:18,034 - __main__ - INFO - System initialization completed successfully
2025-07-23 12:04:18,034 - __main__ - INFO - Starting in GUI mode
2025-07-23 12:04:18,036 - __main__ - INFO - Loading Complete GUI
2025-07-23 12:04:18,965 - src.sound_manager - INFO - Pygame mixer initialized successfully
2025-07-23 12:04:18,965 - src.email_notification - INFO - Email configuration loaded
2025-07-23 12:04:18,966 - src.location_service - INFO - Location configuration loaded
2025-07-23 12:04:18,966 - src.location_service - INFO - Location service enabled
2025-07-23 12:04:18,966 - src.email_notification - INFO - Location service initialized for email notifications
2025-07-23 12:04:18,966 - src.email_notification - INFO - Email notifications enabled
2025-07-23 12:04:18,966 - src.security_event_handler - INFO - Security Event Handler initialized
2025-07-23 12:04:18,966 - src.face_recognizer - INFO - Cleared all known face encodings
2025-07-23 12:04:18,966 - src.face_recognizer - INFO - Loaded encoding for user 921740
2025-07-23 12:04:18,966 - src.face_recognizer - INFO - Loaded encoding for user 407818
2025-07-23 12:04:18,966 - src.face_recognizer - INFO - Loaded encoding for user 110595
2025-07-23 12:04:18,966 - src.face_recognizer - INFO - Reloaded 3 user face encodings
2025-07-23 12:04:34,741 - src.security_event_handler - INFO - ✅ Successful attendance: jh (921740) (confidence: 0.44)
2025-07-23 12:04:34,742 - src.sound_manager - INFO - Playing success sound for 2.0 seconds
2025-07-23 12:04:34,917 - src.security_event_handler - INFO - ❓ Unknown user detected (confidence: 0.38)
2025-07-23 12:04:34,929 - src.sound_manager - INFO - Playing unknown sound for 2.0 seconds
2025-07-23 12:04:35,043 - src.security_event_handler - INFO - ✅ Successful attendance: praveen (407818) (confidence: 0.41)
2025-07-23 12:04:35,056 - src.sound_manager - INFO - Playing success sound for 2.0 seconds
2025-07-23 12:04:36,080 - src.security_event_handler - INFO - ❓ Unknown user detected (confidence: 0.37)
2025-07-23 12:04:36,091 - src.sound_manager - INFO - Playing unknown sound for 2.0 seconds
2025-07-23 12:04:37,726 - src.security_event_handler - INFO - ✅ Successful attendance: praveen (407818) (confidence: 0.41)
2025-07-23 12:04:37,739 - src.sound_manager - INFO - Playing success sound for 2.0 seconds
2025-07-23 12:04:38,116 - src.security_event_handler - INFO - ❓ Unknown user detected (confidence: 0.38)
2025-07-23 12:04:38,128 - src.sound_manager - INFO - Playing unknown sound for 2.0 seconds
2025-07-23 12:04:39,974 - src.security_event_handler - INFO - ✅ Successful attendance: praveen (407818) (confidence: 0.40)
2025-07-23 12:04:39,986 - src.sound_manager - INFO - Playing success sound for 2.0 seconds
2025-07-23 12:04:40,105 - src.security_event_handler - INFO - ❓ Unknown user detected (confidence: 0.38)
2025-07-23 12:04:40,114 - src.sound_manager - INFO - Playing unknown sound for 2.0 seconds
2025-07-23 12:04:42,008 - src.security_event_handler - INFO - ✅ Successful attendance: praveen (407818) (confidence: 0.40)
2025-07-23 12:04:42,021 - src.sound_manager - INFO - Playing success sound for 2.0 seconds
2025-07-23 12:04:42,286 - src.security_event_handler - INFO - ❓ Unknown user detected (confidence: 0.40)
2025-07-23 12:04:42,298 - src.sound_manager - INFO - Playing unknown sound for 2.0 seconds
2025-07-23 12:04:43,162 - src.security_event_handler - WARNING - 🚫 SPOOF ATTEMPT: Person at position (45,228) - Face size: 150x150 - Phone Screen (score: 0.48)
2025-07-23 12:04:43,162 - src.email_notification - INFO - Sending spoof alert email for: Person at position (45,228) - Face size: 150x150 (Type: Phone Screen, Confidence: 0.48)
2025-07-23 12:04:43,166 - src.sound_manager - INFO - Playing spoof sound for 2.0 seconds
2025-07-23 12:04:43,169 - src.sound_manager - INFO - Spoof attempt image saved: spoof_attempt_20250723_120443_spoof_attempt.jpg
2025-07-23 12:04:43,169 - src.sound_manager - INFO - Spoof attempt image saved: data/spoof_images/spoof_attempt_20250723_120443_spoof_attempt.jpg
2025-07-23 12:04:43,169 - src.email_notification - INFO - Spoof attempt image saved: /var/folders/z1/h7lrwbcn6l3_q9h1frgg860h0000gn/T/spoof_attempt_20250723_120443.jpg (size: 142949 bytes)
2025-07-23 12:04:43,170 - src.location_service - INFO - Manual location: Main Office Building - Reception Area
2025-07-23 12:04:43,396 - src.security_event_handler - INFO - ✅ Successful attendance: jh (921740) (confidence: 0.60)
2025-07-23 12:04:43,408 - src.sound_manager - INFO - Playing success sound for 2.0 seconds
2025-07-23 12:04:44,163 - src.face_recognizer - WARNING - No face detected in provided image, using whole image
2025-07-23 12:04:44,333 - src.face_recognizer - WARNING - No face detected in provided image, using whole image
2025-07-23 12:04:44,344 - src.security_event_handler - INFO - ❓ Unknown user detected (confidence: 0.35)
2025-07-23 12:04:44,357 - src.sound_manager - INFO - Playing unknown sound for 2.0 seconds
2025-07-23 12:04:44,507 - src.face_recognizer - WARNING - No face detected in provided image, using whole image
2025-07-23 12:04:44,528 - src.location_service - INFO - IP location obtained: Rajkot, Gujarat
2025-07-23 12:04:44,614 - src.location_service - INFO - Manual location: Main Office Building - Reception Area
2025-07-23 12:04:44,822 - src.face_recognizer - WARNING - No face detected in provided image, using whole image
2025-07-23 12:04:45,000 - src.face_recognizer - WARNING - No face detected in provided image, using whole image
2025-07-23 12:04:45,059 - src.location_service - INFO - IP location obtained: Rajkot, Gujarat
2025-07-23 12:04:45,063 - src.email_notification - INFO - Image attached to email: spoof_attempt_20250723_120445.jpg
2025-07-23 12:04:45,156 - src.face_recognizer - WARNING - No face detected in provided image, using whole image
2025-07-23 12:04:45,332 - src.face_recognizer - WARNING - No face detected in provided image, using whole image
2025-07-23 12:04:45,469 - src.security_event_handler - INFO - ✅ Successful attendance: jh (921740) (confidence: 0.64)
2025-07-23 12:04:45,480 - src.sound_manager - INFO - Playing success sound for 2.0 seconds
2025-07-23 12:04:46,246 - src.security_event_handler - INFO - ❓ Unknown user detected (confidence: 0.38)
2025-07-23 12:04:46,258 - src.sound_manager - INFO - Playing unknown sound for 2.0 seconds
2025-07-23 12:04:47,540 - src.security_event_handler - INFO - ✅ Successful attendance: jh (921740) (confidence: 0.56)
2025-07-23 12:04:47,552 - src.sound_manager - INFO - Playing success sound for 2.0 seconds
2025-07-23 12:04:49,083 - src.face_recognizer - INFO - Cleared all known face encodings
2025-07-23 12:04:49,083 - src.face_recognizer - INFO - Loaded encoding for user 921740
2025-07-23 12:04:49,083 - src.face_recognizer - INFO - Loaded encoding for user 407818
2025-07-23 12:04:49,083 - src.face_recognizer - INFO - Loaded encoding for user 110595
2025-07-23 12:04:49,083 - src.face_recognizer - INFO - Reloaded 3 user face encodings
2025-07-23 12:04:49,625 - src.security_event_handler - INFO - ✅ Successful attendance: jh (921740) (confidence: 0.64)
2025-07-23 12:04:49,625 - src.sound_manager - INFO - Playing success sound for 2.0 seconds
2025-07-23 12:04:51,338 - src.security_event_handler - WARNING - 🚫 SPOOF ATTEMPT: Person at position (476,161) - Face size: 151x151 - Phone Screen (score: 0.48)
2025-07-23 12:04:51,338 - src.email_notification - INFO - Sending spoof alert email for: Person at position (476,161) - Face size: 151x151 (Type: Phone Screen, Confidence: 0.48)
2025-07-23 12:04:51,341 - src.email_notification - INFO - Spoof attempt image saved: /var/folders/z1/h7lrwbcn6l3_q9h1frgg860h0000gn/T/spoof_attempt_20250723_120451.jpg (size: 128658 bytes)
2025-07-23 12:04:51,341 - src.location_service - INFO - Manual location: Main Office Building - Reception Area
2025-07-23 12:04:51,346 - src.sound_manager - INFO - Playing spoof sound for 2.0 seconds
2025-07-23 12:04:51,348 - src.sound_manager - INFO - Spoof attempt image saved: spoof_attempt_20250723_120451_spoof_attempt.jpg
2025-07-23 12:04:51,348 - src.sound_manager - INFO - Spoof attempt image saved: data/spoof_images/spoof_attempt_20250723_120451_spoof_attempt.jpg
2025-07-23 12:04:51,536 - src.security_event_handler - INFO - ❓ Unknown user detected (confidence: 0.40)
2025-07-23 12:04:51,537 - src.sound_manager - INFO - Playing unknown sound for 2.0 seconds
2025-07-23 12:04:51,656 - src.security_event_handler - INFO - ✅ Successful attendance: jh (921740) (confidence: 0.62)
2025-07-23 12:04:51,667 - src.sound_manager - INFO - Playing success sound for 2.0 seconds
2025-07-23 12:04:51,692 - src.face_recognizer - WARNING - No face detected in provided image, using whole image
2025-07-23 12:04:51,748 - src.location_service - INFO - IP location obtained: Rajkot, Gujarat
2025-07-23 12:04:51,751 - src.location_service - INFO - Manual location: Main Office Building - Reception Area
2025-07-23 12:04:52,133 - src.location_service - INFO - IP location obtained: Rajkot, Gujarat
2025-07-23 12:04:52,136 - src.email_notification - INFO - Image attached to email: spoof_attempt_20250723_120452.jpg
2025-07-23 12:04:53,170 - src.security_event_handler - INFO - ❓ Unknown user detected (confidence: 0.39)
2025-07-23 12:04:53,182 - src.sound_manager - INFO - Playing unknown sound for 2.0 seconds
2025-07-23 12:04:53,342 - src.security_event_handler - INFO - ✅ Successful attendance: praveen (407818) (confidence: 0.41)
2025-07-23 12:04:53,354 - src.sound_manager - INFO - Playing success sound for 2.0 seconds
2025-07-23 12:04:55,071 - src.security_event_handler - INFO - ❓ Unknown user detected (confidence: 0.38)
2025-07-23 12:04:55,084 - src.sound_manager - INFO - Playing unknown sound for 2.0 seconds
2025-07-23 12:04:55,754 - src.face_recognizer - WARNING - No face detected in provided image, using whole image
2025-07-23 12:04:55,765 - src.security_event_handler - INFO - ✅ Successful attendance: hjg (110595) (confidence: 0.56)
2025-07-23 12:04:55,776 - src.sound_manager - INFO - Playing success sound for 2.0 seconds
2025-07-23 12:04:56,018 - src.face_recognizer - WARNING - No face detected in provided image, using whole image
2025-07-23 12:04:56,029 - src.security_event_handler - INFO - ✅ Successful attendance: jh (921740) (confidence: 0.54)
2025-07-23 12:04:56,041 - src.sound_manager - INFO - Playing success sound for 2.0 seconds
2025-07-23 12:04:57,064 - src.security_event_handler - INFO - ✅ Successful attendance: praveen (407818) (confidence: 0.40)
2025-07-23 12:04:57,077 - src.sound_manager - INFO - Playing success sound for 2.0 seconds
2025-07-23 12:04:57,404 - src.security_event_handler - INFO - ❓ Unknown user detected (confidence: 0.38)
2025-07-23 12:04:57,416 - src.sound_manager - INFO - Playing unknown sound for 2.0 seconds
2025-07-23 12:04:57,917 - src.face_recognizer - WARNING - No face detected in provided image, using whole image
2025-07-23 12:04:58,097 - src.security_event_handler - INFO - ✅ Successful attendance: jh (921740) (confidence: 0.65)
2025-07-23 12:04:58,109 - src.sound_manager - INFO - Playing success sound for 2.0 seconds
2025-07-23 12:04:58,261 - src.face_recognizer - WARNING - No face detected in provided image, using whole image
2025-07-23 12:04:59,094 - src.security_event_handler - INFO - ❓ Unknown user detected (confidence: 0.37)
2025-07-23 12:04:59,106 - src.sound_manager - INFO - Playing unknown sound for 2.0 seconds
2025-07-23 12:05:00,310 - src.security_event_handler - INFO - ✅ Successful attendance: jh (921740) (confidence: 0.64)
2025-07-23 12:05:00,310 - src.sound_manager - INFO - Playing success sound for 2.0 seconds
2025-07-23 12:05:01,042 - src.security_event_handler - INFO - ❓ Unknown user detected (confidence: 0.36)
2025-07-23 12:05:01,054 - src.sound_manager - INFO - Playing unknown sound for 2.0 seconds
2025-07-23 12:05:01,171 - __main__ - INFO - Application closed normally
2025-07-23 12:05:01,254 - src.email_notification - INFO - Spoof alert email sent successfully to 2 recipients
